<?xml version="1.0" encoding="UTF-8"?>
<!-- Generated by org.testng.reporters.JUnitXMLReporter -->
<testsuite hostname="DESKTOP-LAI30QM" failures="1" tests="1" name="Default test(failed)" time="0.024" errors="0" timestamp="22 Apr 2021 14:43:13 GMT">
  <testcase classname="JavaPrograms.Demotestt" name="signin" time="0.011">
    <failure type="java.lang.NullPointerException" message="Cannot invoke &amp;quot;org.openqa.selenium.WebDriver.findElement(org.openqa.selenium.By)&amp;quot; because &amp;quot;JavaPrograms.Demotestt.driver&amp;quot; is null">
      <![CDATA[java.lang.NullPointerException: Cannot invoke "org.openqa.selenium.WebDriver.findElement(org.openqa.selenium.By)" because "JavaPrograms.Demotestt.driver" is null
	at JavaPrograms.Demotestt.signin(Demotestt.java:22)
... Removed 24 stack frames]]>
    </failure>
  </testcase> <!-- signin -->
</testsuite> <!-- Default test(failed) -->
