<?xml version="1.0" encoding="UTF-8"?>
<testng-results ignored="0" total="1" passed="1" failed="0" skipped="0">
  <reporter-output>
  </reporter-output>
  <suite started-at="2021-04-27T22:06:03 IST" name="Default suite" finished-at="2021-04-27T22:06:16 IST" duration-ms="12813">
    <groups>
    </groups>
    <test started-at="2021-04-27T22:06:03 IST" name="Default test" finished-at="2021-04-27T22:06:16 IST" duration-ms="12813">
      <class name="tests.ExcelRead">
        <test-method is-config="true" signature="launchbrowser()[pri:0, instance:tests.ExcelRead@50b5ac82]" started-at="2021-04-27T22:06:03 IST" name="launchbrowser" finished-at="2021-04-27T22:06:09 IST" duration-ms="6338" status="PASS">
          <reporter-output>
          </reporter-output>
        </test-method> <!-- launchbrowser -->
        <test-method signature="input()[pri:0, instance:tests.ExcelRead@50b5ac82]" started-at="2021-04-27T22:06:10 IST" name="input" finished-at="2021-04-27T22:06:16 IST" duration-ms="6346" status="PASS">
          <reporter-output>
          </reporter-output>
        </test-method> <!-- input -->
      </class> <!-- tests.ExcelRead -->
    </test> <!-- Default test -->
  </suite> <!-- Default suite -->
</testng-results>
